app/build/intermediates/manifest_merge_blame_file/debug/processDebugMainManifest/manifest-merger-blame-debug-report.txt
1<?xml version="1.0" encoding="utf-8"?>
2<manifest xmlns:android="http://schemas.android.com/apk/res/android"
3    package="com.example.maproject"
4    android:versionCode="1"
5    android:versionName="1.0" >
6
7    <uses-sdk
8        android:minSdkVersion="30"
9        android:targetSdkVersion="35" />
10
11    <!-- Required permission for App measurement to run. -->
12    <uses-permission android:name="android.permission.INTERNET" />
12-->[com.google.android.gms:play-services-measurement:23.0.0] AndroidManifest.xml:23:5-67
12-->[com.google.android.gms:play-services-measurement:23.0.0] AndroidManifest.xml:23:22-64
13    <uses-permission android:name="android.permission.ACCESS_NETWORK_STATE" />
13-->[com.google.android.gms:play-services-measurement:23.0.0] AndroidManifest.xml:24:5-79
13-->[com.google.android.gms:play-services-measurement:23.0.0] AndroidManifest.xml:24:22-76
14    <uses-permission android:name="android.permission.WAKE_LOCK" />
14-->[com.google.android.gms:play-services-measurement:23.0.0] AndroidManifest.xml:25:5-68
14-->[com.google.android.gms:play-services-measurement:23.0.0] AndroidManifest.xml:25:22-65
15    <uses-permission android:name="com.google.android.finsky.permission.BIND_GET_INSTALL_REFERRER_SERVICE" />
15-->[com.google.android.gms:play-services-measurement:23.0.0] AndroidManifest.xml:26:5-110
15-->[com.google.android.gms:play-services-measurement:23.0.0] AndroidManifest.xml:26:22-107
16    <uses-permission android:name="com.google.android.gms.permission.AD_ID" />
16-->[com.google.android.gms:play-services-measurement-api:23.0.0] AndroidManifest.xml:25:5-79
16-->[com.google.android.gms:play-services-measurement-api:23.0.0] AndroidManifest.xml:25:22-76
17    <uses-permission android:name="android.permission.ACCESS_ADSERVICES_ATTRIBUTION" />
17-->[com.google.android.gms:play-services-measurement-api:23.0.0] AndroidManifest.xml:26:5-88
17-->[com.google.android.gms:play-services-measurement-api:23.0.0] AndroidManifest.xml:26:22-85
18    <uses-permission android:name="android.permission.ACCESS_ADSERVICES_AD_ID" />
18-->[com.google.android.gms:play-services-measurement-api:23.0.0] AndroidManifest.xml:27:5-82
18-->[com.google.android.gms:play-services-measurement-api:23.0.0] AndroidManifest.xml:27:22-79
19
20    <permission
20-->[androidx.core:core:1.9.0] AndroidManifest.xml:22:5-24:47
21        android:name="com.example.maproject.DYNAMIC_RECEIVER_NOT_EXPORTED_PERMISSION"
21-->[androidx.core:core:1.9.0] AndroidManifest.xml:23:9-81
22        android:protectionLevel="signature" />
22-->[androidx.core:core:1.9.0] AndroidManifest.xml:24:9-44
23
24    <uses-permission android:name="com.example.maproject.DYNAMIC_RECEIVER_NOT_EXPORTED_PERMISSION" />
24-->[androidx.core:core:1.9.0] AndroidManifest.xml:26:5-97
24-->[androidx.core:core:1.9.0] AndroidManifest.xml:26:22-94
25
26    <application
26-->src/main/AndroidManifest.xml:5:5-27:19
27        android:allowBackup="true"
27-->src/main/AndroidManifest.xml:6:9-35
28        android:appComponentFactory="androidx.core.app.CoreComponentFactory"
28-->[androidx.core:core:1.9.0] AndroidManifest.xml:28:18-86
29        android:dataExtractionRules="@xml/data_extraction_rules"
29-->src/main/AndroidManifest.xml:7:9-65
30        android:debuggable="true"
31        android:extractNativeLibs="false"
32        android:fullBackupContent="@xml/backup_rules"
32-->src/main/AndroidManifest.xml:8:9-54
33        android:icon="@mipmap/ic_launcher"
33-->src/main/AndroidManifest.xml:9:9-43
34        android:label="@string/app_name"
34-->src/main/AndroidManifest.xml:10:9-41
35        android:roundIcon="@mipmap/ic_launcher_round"
35-->src/main/AndroidManifest.xml:11:9-54
36        android:supportsRtl="true"
36-->src/main/AndroidManifest.xml:12:9-35
37        android:theme="@style/Theme.MAProject" >
37-->src/main/AndroidManifest.xml:13:9-47
38        <activity
38-->src/main/AndroidManifest.xml:15:9-17:40
39            android:name="com.example.maproject.proba"
39-->src/main/AndroidManifest.xml:16:13-34
40            android:exported="false" />
40-->src/main/AndroidManifest.xml:17:13-37
41        <activity
41-->src/main/AndroidManifest.xml:18:9-26:20
42            android:name="com.example.maproject.MainActivity"
42-->src/main/AndroidManifest.xml:19:13-41
43            android:exported="true" >
43-->src/main/AndroidManifest.xml:20:13-36
44            <intent-filter>
44-->src/main/AndroidManifest.xml:21:13-25:29
45                <action android:name="android.intent.action.MAIN" />
45-->src/main/AndroidManifest.xml:22:17-69
45-->src/main/AndroidManifest.xml:22:25-66
46
47                <category android:name="android.intent.category.LAUNCHER" />
47-->src/main/AndroidManifest.xml:24:17-77
47-->src/main/AndroidManifest.xml:24:27-74
48            </intent-filter>
49        </activity>
50
51        <receiver
51-->[com.google.android.gms:play-services-measurement:23.0.0] AndroidManifest.xml:29:9-33:20
52            android:name="com.google.android.gms.measurement.AppMeasurementReceiver"
52-->[com.google.android.gms:play-services-measurement:23.0.0] AndroidManifest.xml:30:13-85
53            android:enabled="true"
53-->[com.google.android.gms:play-services-measurement:23.0.0] AndroidManifest.xml:31:13-35
54            android:exported="false" >
54-->[com.google.android.gms:play-services-measurement:23.0.0] AndroidManifest.xml:32:13-37
55        </receiver>
56
57        <service
57-->[com.google.android.gms:play-services-measurement:23.0.0] AndroidManifest.xml:35:9-38:40
58            android:name="com.google.android.gms.measurement.AppMeasurementService"
58-->[com.google.android.gms:play-services-measurement:23.0.0] AndroidManifest.xml:36:13-84
59            android:enabled="true"
59-->[com.google.android.gms:play-services-measurement:23.0.0] AndroidManifest.xml:37:13-35
60            android:exported="false" />
60-->[com.google.android.gms:play-services-measurement:23.0.0] AndroidManifest.xml:38:13-37
61        <service
61-->[com.google.android.gms:play-services-measurement:23.0.0] AndroidManifest.xml:39:9-43:72
62            android:name="com.google.android.gms.measurement.AppMeasurementJobService"
62-->[com.google.android.gms:play-services-measurement:23.0.0] AndroidManifest.xml:40:13-87
63            android:enabled="true"
63-->[com.google.android.gms:play-services-measurement:23.0.0] AndroidManifest.xml:41:13-35
64            android:exported="false"
64-->[com.google.android.gms:play-services-measurement:23.0.0] AndroidManifest.xml:42:13-37
65            android:permission="android.permission.BIND_JOB_SERVICE" />
65-->[com.google.android.gms:play-services-measurement:23.0.0] AndroidManifest.xml:43:13-69
66        <service
66-->[com.google.android.gms:play-services-measurement-api:23.0.0] AndroidManifest.xml:30:9-36:19
67            android:name="com.google.firebase.components.ComponentDiscoveryService"
67-->[com.google.android.gms:play-services-measurement-api:23.0.0] AndroidManifest.xml:31:13-84
68            android:directBootAware="true"
68-->[com.google.firebase:firebase-common:22.0.1] AndroidManifest.xml:32:13-43
69            android:exported="false" >
69-->[com.google.android.gms:play-services-measurement-api:23.0.0] AndroidManifest.xml:32:13-37
70            <meta-data
70-->[com.google.android.gms:play-services-measurement-api:23.0.0] AndroidManifest.xml:33:13-35:85
71                android:name="com.google.firebase.components:com.google.firebase.analytics.connector.internal.AnalyticsConnectorRegistrar"
71-->[com.google.android.gms:play-services-measurement-api:23.0.0] AndroidManifest.xml:34:17-139
72                android:value="com.google.firebase.components.ComponentRegistrar" />
72-->[com.google.android.gms:play-services-measurement-api:23.0.0] AndroidManifest.xml:35:17-82
73            <meta-data
73-->[com.google.firebase:firebase-installations:19.0.1] AndroidManifest.xml:15:13-17:85
74                android:name="com.google.firebase.components:com.google.firebase.installations.FirebaseInstallationsKtxRegistrar"
74-->[com.google.firebase:firebase-installations:19.0.1] AndroidManifest.xml:16:17-130
75                android:value="com.google.firebase.components.ComponentRegistrar" />
75-->[com.google.firebase:firebase-installations:19.0.1] AndroidManifest.xml:17:17-82
76            <meta-data
76-->[com.google.firebase:firebase-installations:19.0.1] AndroidManifest.xml:18:13-20:85
77                android:name="com.google.firebase.components:com.google.firebase.installations.FirebaseInstallationsRegistrar"
77-->[com.google.firebase:firebase-installations:19.0.1] AndroidManifest.xml:19:17-127
78                android:value="com.google.firebase.components.ComponentRegistrar" />
78-->[com.google.firebase:firebase-installations:19.0.1] AndroidManifest.xml:20:17-82
79            <meta-data
79-->[com.google.firebase:firebase-common:22.0.1] AndroidManifest.xml:35:13-37:85
80                android:name="com.google.firebase.components:com.google.firebase.FirebaseCommonKtxRegistrar"
80-->[com.google.firebase:firebase-common:22.0.1] AndroidManifest.xml:36:17-109
81                android:value="com.google.firebase.components.ComponentRegistrar" />
81-->[com.google.firebase:firebase-common:22.0.1] AndroidManifest.xml:37:17-82
82        </service>
83
84        <provider
84-->[com.google.firebase:firebase-common:22.0.1] AndroidManifest.xml:23:9-28:39
85            android:name="com.google.firebase.provider.FirebaseInitProvider"
85-->[com.google.firebase:firebase-common:22.0.1] AndroidManifest.xml:24:13-77
86            android:authorities="com.example.maproject.firebaseinitprovider"
86-->[com.google.firebase:firebase-common:22.0.1] AndroidManifest.xml:25:13-72
87            android:directBootAware="true"
87-->[com.google.firebase:firebase-common:22.0.1] AndroidManifest.xml:26:13-43
88            android:exported="false"
88-->[com.google.firebase:firebase-common:22.0.1] AndroidManifest.xml:27:13-37
89            android:initOrder="100" />
89-->[com.google.firebase:firebase-common:22.0.1] AndroidManifest.xml:28:13-36
90
91        <activity
91-->[com.google.android.gms:play-services-base:18.5.0] AndroidManifest.xml:5:9-173
92            android:name="com.google.android.gms.common.api.GoogleApiActivity"
92-->[com.google.android.gms:play-services-base:18.5.0] AndroidManifest.xml:5:19-85
93            android:exported="false"
93-->[com.google.android.gms:play-services-base:18.5.0] AndroidManifest.xml:5:146-170
94            android:theme="@android:style/Theme.Translucent.NoTitleBar" />
94-->[com.google.android.gms:play-services-base:18.5.0] AndroidManifest.xml:5:86-145
95
96        <provider
96-->[androidx.emoji2:emoji2:1.2.0] AndroidManifest.xml:24:9-32:20
97            android:name="androidx.startup.InitializationProvider"
97-->[androidx.emoji2:emoji2:1.2.0] AndroidManifest.xml:25:13-67
98            android:authorities="com.example.maproject.androidx-startup"
98-->[androidx.emoji2:emoji2:1.2.0] AndroidManifest.xml:26:13-68
99            android:exported="false" >
99-->[androidx.emoji2:emoji2:1.2.0] AndroidManifest.xml:27:13-37
100            <meta-data
100-->[androidx.emoji2:emoji2:1.2.0] AndroidManifest.xml:29:13-31:52
101                android:name="androidx.emoji2.text.EmojiCompatInitializer"
101-->[androidx.emoji2:emoji2:1.2.0] AndroidManifest.xml:30:17-75
102                android:value="androidx.startup" />
102-->[androidx.emoji2:emoji2:1.2.0] AndroidManifest.xml:31:17-49
103            <meta-data
103-->[androidx.lifecycle:lifecycle-process:2.6.1] AndroidManifest.xml:29:13-31:52
104                android:name="androidx.lifecycle.ProcessLifecycleInitializer"
104-->[androidx.lifecycle:lifecycle-process:2.6.1] AndroidManifest.xml:30:17-78
105                android:value="androidx.startup" />
105-->[androidx.lifecycle:lifecycle-process:2.6.1] AndroidManifest.xml:31:17-49
106            <meta-data
106-->[androidx.profileinstaller:profileinstaller:1.3.0] AndroidManifest.xml:29:13-31:52
107                android:name="androidx.profileinstaller.ProfileInstallerInitializer"
107-->[androidx.profileinstaller:profileinstaller:1.3.0] AndroidManifest.xml:30:17-85
108                android:value="androidx.startup" />
108-->[androidx.profileinstaller:profileinstaller:1.3.0] AndroidManifest.xml:31:17-49
109        </provider>
110
111        <uses-library
111-->[androidx.privacysandbox.ads:ads-adservices:1.1.0-beta11] AndroidManifest.xml:23:9-25:40
112            android:name="android.ext.adservices"
112-->[androidx.privacysandbox.ads:ads-adservices:1.1.0-beta11] AndroidManifest.xml:24:13-50
113            android:required="false" />
113-->[androidx.privacysandbox.ads:ads-adservices:1.1.0-beta11] AndroidManifest.xml:25:13-37
114
115        <meta-data
115-->[com.google.android.gms:play-services-basement:18.5.0] AndroidManifest.xml:21:9-23:69
116            android:name="com.google.android.gms.version"
116-->[com.google.android.gms:play-services-basement:18.5.0] AndroidManifest.xml:22:13-58
117            android:value="@integer/google_play_services_version" />
117-->[com.google.android.gms:play-services-basement:18.5.0] AndroidManifest.xml:23:13-66
118
119        <receiver
119-->[androidx.profileinstaller:profileinstaller:1.3.0] AndroidManifest.xml:34:9-52:20
120            android:name="androidx.profileinstaller.ProfileInstallReceiver"
120-->[androidx.profileinstaller:profileinstaller:1.3.0] AndroidManifest.xml:35:13-76
121            android:directBootAware="false"
121-->[androidx.profileinstaller:profileinstaller:1.3.0] AndroidManifest.xml:36:13-44
122            android:enabled="true"
122-->[androidx.profileinstaller:profileinstaller:1.3.0] AndroidManifest.xml:37:13-35
123            android:exported="true"
123-->[androidx.profileinstaller:profileinstaller:1.3.0] AndroidManifest.xml:38:13-36
124            android:permission="android.permission.DUMP" >
124-->[androidx.profileinstaller:profileinstaller:1.3.0] AndroidManifest.xml:39:13-57
125            <intent-filter>
125-->[androidx.profileinstaller:profileinstaller:1.3.0] AndroidManifest.xml:40:13-42:29
126                <action android:name="androidx.profileinstaller.action.INSTALL_PROFILE" />
126-->[androidx.profileinstaller:profileinstaller:1.3.0] AndroidManifest.xml:41:17-91
126-->[androidx.profileinstaller:profileinstaller:1.3.0] AndroidManifest.xml:41:25-88
127            </intent-filter>
128            <intent-filter>
128-->[androidx.profileinstaller:profileinstaller:1.3.0] AndroidManifest.xml:43:13-45:29
129                <action android:name="androidx.profileinstaller.action.SKIP_FILE" />
129-->[androidx.profileinstaller:profileinstaller:1.3.0] AndroidManifest.xml:44:17-85
129-->[androidx.profileinstaller:profileinstaller:1.3.0] AndroidManifest.xml:44:25-82
130            </intent-filter>
131            <intent-filter>
131-->[androidx.profileinstaller:profileinstaller:1.3.0] AndroidManifest.xml:46:13-48:29
132                <action android:name="androidx.profileinstaller.action.SAVE_PROFILE" />
132-->[androidx.profileinstaller:profileinstaller:1.3.0] AndroidManifest.xml:47:17-88
132-->[androidx.profileinstaller:profileinstaller:1.3.0] AndroidManifest.xml:47:25-85
133            </intent-filter>
134            <intent-filter>
134-->[androidx.profileinstaller:profileinstaller:1.3.0] AndroidManifest.xml:49:13-51:29
135                <action android:name="androidx.profileinstaller.action.BENCHMARK_OPERATION" />
135-->[androidx.profileinstaller:profileinstaller:1.3.0] AndroidManifest.xml:50:17-95
135-->[androidx.profileinstaller:profileinstaller:1.3.0] AndroidManifest.xml:50:25-92
136            </intent-filter>
137        </receiver>
138    </application>
139
140</manifest>